[debug] [2019-10-15T20:48:30.193Z] ----------------------------------------------------------------------
[debug] [2019-10-15T20:48:30.197Z] Command:       /usr/local/bin/node /home/fergal/.npm-global/bin/firebase deploy --only functions
[debug] [2019-10-15T20:48:30.197Z] CLI Version:   7.4.0
[debug] [2019-10-15T20:48:30.197Z] Platform:      linux
[debug] [2019-10-15T20:48:30.197Z] Node Version:  v10.16.3
[debug] [2019-10-15T20:48:30.198Z] Time:          Tue Oct 15 2019 16:48:30 GMT-0400 (Eastern Daylight Time)
[debug] [2019-10-15T20:48:30.198Z] ----------------------------------------------------------------------
[debug] 
[debug] [2019-10-15T20:48:30.210Z] > command requires scopes: ["email","openid","https://www.googleapis.com/auth/cloudplatformprojects.readonly","https://www.googleapis.com/auth/firebase","https://www.googleapis.com/auth/cloud-platform"]
[debug] [2019-10-15T20:48:30.211Z] > authorizing via signed-in user
[debug] [2019-10-15T20:48:30.211Z] [iam] checking project weout-7dc89 for permissions ["cloudfunctions.functions.create","cloudfunctions.functions.delete","cloudfunctions.functions.get","cloudfunctions.functions.list","cloudfunctions.functions.update","cloudfunctions.operations.get","firebase.projects.get"]
[debug] [2019-10-15T20:48:30.214Z] > refreshing access token with scopes: ["email","https://www.googleapis.com/auth/cloud-platform","https://www.googleapis.com/auth/cloudplatformprojects.readonly","https://www.googleapis.com/auth/firebase","openid"]
[debug] [2019-10-15T20:48:30.214Z] >>> HTTP REQUEST POST https://www.googleapis.com/oauth2/v3/token  
 <request body omitted>
[debug] [2019-10-15T20:48:30.416Z] <<< HTTP RESPONSE 200
[debug] [2019-10-15T20:48:30.474Z] >>> HTTP REQUEST POST https://cloudresourcemanager.googleapis.com/v1/projects/weout-7dc89:testIamPermissions  

[debug] [2019-10-15T20:48:30.750Z] <<< HTTP RESPONSE 200
[info] 
[info] === Deploying to 'weout-7dc89'...
[info] 
[info] i  deploying functions
[debug] [2019-10-15T20:48:34.023Z] > [functions] package.json contents: {
  "name": "functions",
  "description": "Cloud Functions for Firebase",
  "scripts": {
    "serve": "firebase serve --only functions",
    "shell": "firebase functions:shell",
    "start": "npm run shell",
    "deploy": "firebase deploy --only functions",
    "logs": "firebase functions:log"
  },
  "engines": {
    "node": "8"
  },
  "dependencies": {
    "firebase": "^7.2.0",
    "firebase-admin": "^8.0.0",
    "firebase-functions": "^3.1.0"
  },
  "devDependencies": {
    "firebase-functions-test": "^0.1.6"
  },
  "private": true
}
[info] i  functions: ensuring necessary APIs are enabled...
[debug] [2019-10-15T20:48:34.026Z] >>> HTTP REQUEST GET https://serviceusage.googleapis.com/v1/projects/weout-7dc89/services/cloudfunctions.googleapis.com  
 
[debug] [2019-10-15T20:48:34.027Z] >>> HTTP REQUEST GET https://serviceusage.googleapis.com/v1/projects/weout-7dc89/services/runtimeconfig.googleapis.com  
 
[debug] [2019-10-15T20:48:34.603Z] <<< HTTP RESPONSE 200
[info] ✔  functions: all necessary APIs are enabled
[debug] [2019-10-15T20:48:34.608Z] <<< HTTP RESPONSE 200
[debug] [2019-10-15T20:48:34.609Z] >>> HTTP REQUEST GET https://firebase.googleapis.com/v1beta1/projects/weout-7dc89/adminSdkConfig  
 
[debug] [2019-10-15T20:48:34.949Z] <<< HTTP RESPONSE 200
[info] i  functions: preparing functions directory for uploading...
[debug] [2019-10-15T20:48:34.955Z] >>> HTTP REQUEST GET https://runtimeconfig.googleapis.com/v1beta1/projects/weout-7dc89/configs  
 
[debug] [2019-10-15T20:48:35.197Z] <<< HTTP RESPONSE 200
[info] i  functions: packaged functions (32.33 KB) for uploading
[debug] [2019-10-15T20:48:36.063Z] >>> HTTP REQUEST POST https://cloudfunctions.googleapis.com/v1/projects/weout-7dc89/locations/us-central1/functions:generateUploadUrl  
 
[debug] [2019-10-15T20:48:36.998Z] <<< HTTP RESPONSE 200
[debug] [2019-10-15T20:48:37.000Z] >>> HTTP REQUEST PUT https://storage.googleapis.com/gcf-upload-us-central1-ad39d489-9630-4706-8b6d-8391e937b3e0/9852aca9-2ab9-4848-86f1-6699c1e089d8.zip?GoogleAccessId=service-122621961076@gcf-admin-robot.iam.gserviceaccount.com&Expires=1571174316&Signature=dfe2mYiUzyVMc2u8vGaq2I8u%2BOqlrBeMZ7j1xPrICegXSmT8maldBn05K0YIUOoYgRq1ncSfq%2BX66OSrPVdrbOpuusLuieTep%2BuocBYJUNFnxxG%2BbOmVX%2FjppLiMaoMIHFnYaEid%2FQcFcQmHa5f8TrruRuv%2Bm85gOmGbe%2Bg7KbIcts5vTEQwsEDs0Xce6uUhAFoMObe8h2b3zm6uWGpZe5ABLLv7glp8h9%2BhcaWzP7HZaNtgTHtMJVyFTDYYrxgEKCf0GMzJtZ5Sh%2BL9He4LgUppzN9tS%2FPzsht0G6fSJm84a67L%2FakOywMqmhA9rKX1WcOjHk%2BMZWkF3ccNJ1zkJQ%3D%3D  
 <request body omitted>
[debug] [2019-10-15T20:48:37.429Z] <<< HTTP RESPONSE 200
[info] ✔  functions: functions folder uploaded successfully
[debug] [2019-10-15T20:48:37.435Z] >>> HTTP REQUEST GET https://cloudfunctions.googleapis.com/v1/projects/weout-7dc89/locations/-/functions  
 
[debug] [2019-10-15T20:48:37.827Z] <<< HTTP RESPONSE 200
[info] i  functions: updating Node.js 8 function createCircle(us-central1)...
[debug] [2019-10-15T20:48:37.833Z] Trigger is:  {"eventTrigger":{"resource":"projects/weout-7dc89/databases/(default)/documents/circles/{circleId}","eventType":"providers/cloud.firestore/eventTypes/document.create","service":"firestore.googleapis.com"}}
[debug] [2019-10-15T20:48:37.835Z] >>> HTTP REQUEST GET https://serviceusage.googleapis.com/v1/projects/weout-7dc89/services/cloudscheduler.googleapis.com  
 
[debug] [2019-10-15T20:48:38.233Z] <<< HTTP RESPONSE 200
[debug] [2019-10-15T20:48:38.240Z] >>> HTTP REQUEST PATCH https://cloudfunctions.googleapis.com/v1/projects/weout-7dc89/locations/us-central1/functions/createCircle {"updateMask":"sourceUploadUrl,name,labels,runtime,eventTrigger.resource,eventTrigger.eventType,eventTrigger.service"} 

[debug] [2019-10-15T20:48:38.959Z] <<< HTTP RESPONSE 200
[debug] [2019-10-15T20:48:38.963Z] >>> HTTP REQUEST GET https://cloudfunctions.googleapis.com/v1/operations/d2VvdXQtN2RjODkvdXMtY2VudHJhbDEvY3JlYXRlQ2lyY2xlL3NxcUg1N1J3c2E4  
 
[debug] [2019-10-15T20:48:39.146Z] <<< HTTP RESPONSE 200
[debug] [2019-10-15T20:48:41.152Z] >>> HTTP REQUEST GET https://cloudfunctions.googleapis.com/v1/operations/d2VvdXQtN2RjODkvdXMtY2VudHJhbDEvY3JlYXRlQ2lyY2xlL3NxcUg1N1J3c2E4  
 
[debug] [2019-10-15T20:48:41.508Z] <<< HTTP RESPONSE 200
[debug] [2019-10-15T20:48:43.510Z] >>> HTTP REQUEST GET https://cloudfunctions.googleapis.com/v1/operations/d2VvdXQtN2RjODkvdXMtY2VudHJhbDEvY3JlYXRlQ2lyY2xlL3NxcUg1N1J3c2E4  
 
[debug] [2019-10-15T20:48:43.642Z] <<< HTTP RESPONSE 200
[debug] [2019-10-15T20:48:45.645Z] >>> HTTP REQUEST GET https://cloudfunctions.googleapis.com/v1/operations/d2VvdXQtN2RjODkvdXMtY2VudHJhbDEvY3JlYXRlQ2lyY2xlL3NxcUg1N1J3c2E4  
 
[debug] [2019-10-15T20:48:46.015Z] <<< HTTP RESPONSE 200
[debug] [2019-10-15T20:48:48.017Z] >>> HTTP REQUEST GET https://cloudfunctions.googleapis.com/v1/operations/d2VvdXQtN2RjODkvdXMtY2VudHJhbDEvY3JlYXRlQ2lyY2xlL3NxcUg1N1J3c2E4  
 
[debug] [2019-10-15T20:48:48.367Z] <<< HTTP RESPONSE 200
[debug] [2019-10-15T20:48:50.370Z] >>> HTTP REQUEST GET https://cloudfunctions.googleapis.com/v1/operations/d2VvdXQtN2RjODkvdXMtY2VudHJhbDEvY3JlYXRlQ2lyY2xlL3NxcUg1N1J3c2E4  
 
[debug] [2019-10-15T20:48:50.821Z] <<< HTTP RESPONSE 200
[debug] [2019-10-15T20:48:52.824Z] >>> HTTP REQUEST GET https://cloudfunctions.googleapis.com/v1/operations/d2VvdXQtN2RjODkvdXMtY2VudHJhbDEvY3JlYXRlQ2lyY2xlL3NxcUg1N1J3c2E4  
 
[debug] [2019-10-15T20:48:53.083Z] <<< HTTP RESPONSE 200
[debug] [2019-10-15T20:48:55.086Z] >>> HTTP REQUEST GET https://cloudfunctions.googleapis.com/v1/operations/d2VvdXQtN2RjODkvdXMtY2VudHJhbDEvY3JlYXRlQ2lyY2xlL3NxcUg1N1J3c2E4  
 
[debug] [2019-10-15T20:48:55.432Z] <<< HTTP RESPONSE 200
[debug] [2019-10-15T20:48:57.435Z] >>> HTTP REQUEST GET https://cloudfunctions.googleapis.com/v1/operations/d2VvdXQtN2RjODkvdXMtY2VudHJhbDEvY3JlYXRlQ2lyY2xlL3NxcUg1N1J3c2E4  
 
[debug] [2019-10-15T20:48:57.571Z] <<< HTTP RESPONSE 200
[debug] [2019-10-15T20:48:59.574Z] >>> HTTP REQUEST GET https://cloudfunctions.googleapis.com/v1/operations/d2VvdXQtN2RjODkvdXMtY2VudHJhbDEvY3JlYXRlQ2lyY2xlL3NxcUg1N1J3c2E4  
 
[debug] [2019-10-15T20:48:59.933Z] <<< HTTP RESPONSE 200
[debug] [2019-10-15T20:49:01.936Z] >>> HTTP REQUEST GET https://cloudfunctions.googleapis.com/v1/operations/d2VvdXQtN2RjODkvdXMtY2VudHJhbDEvY3JlYXRlQ2lyY2xlL3NxcUg1N1J3c2E4  
 
[debug] [2019-10-15T20:49:02.294Z] <<< HTTP RESPONSE 200
[debug] [2019-10-15T20:49:04.298Z] >>> HTTP REQUEST GET https://cloudfunctions.googleapis.com/v1/operations/d2VvdXQtN2RjODkvdXMtY2VudHJhbDEvY3JlYXRlQ2lyY2xlL3NxcUg1N1J3c2E4  
 
